<?xml version="1.0" encoding="UTF-8"?>
<!-- Generated by org.testng.reporters.JUnitXMLReporter -->
<testsuite hostname="INMAASIDDGUNA2P" ignored="0" name="Firefox testing" tests="5" failures="1" timestamp="19 Aug 2021 12:50:51 GMT" time="84.747" errors="0">
  <testcase name="SuccefullLogin" time="2.928" classname="com.rocket.automation.TestClasses.SampleTest">
    <skipped/>
  </testcase> <!-- SuccefullLogin -->
  <testcase name="SuccefullLogin" time="3.646" classname="com.rocket.automation.TestClasses.SampleTest">
    <skipped/>
  </testcase> <!-- SuccefullLogin -->
  <testcase name="SuccefullLogin" time="3.257" classname="com.rocket.automation.TestClasses.SampleTest">
    <skipped/>
  </testcase> <!-- SuccefullLogin -->
  <testcase name="SuccefullLogin" time="4.273" classname="com.rocket.automation.TestClasses.SampleTest">
    <skipped/>
  </testcase> <!-- SuccefullLogin -->
  <testcase name="SuccefullLogin" time="2.596" classname="com.rocket.automation.TestClasses.SampleTest">
    <failure type="java.lang.AssertionError" message="Element &amp;lt;input id=&amp;quot;user_full_name&amp;quot; class=&amp;quot;input-lg text&amp;quot; name=&amp;quot;user[full_name]&amp;quot; type=&amp;quot;text&amp;quot;&amp;gt; is not reachable by keyboard
Build info: version: &amp;apos;3.12.0&amp;apos;, revision: &amp;apos;7c6e0b3&amp;apos;, time: &amp;apos;2018-05-08T14:04:26.12Z&amp;apos;
System info: host: &amp;apos;INMAASIDDGUNA2P&amp;apos;, ip: &amp;apos;192.168.1.8&amp;apos;, os.name: &amp;apos;Windows 10&amp;apos;, os.arch: &amp;apos;amd64&amp;apos;, os.version: &amp;apos;10.0&amp;apos;, java.version: &amp;apos;1.8.0_181&amp;apos;
Driver info: org.openqa.selenium.firefox.FirefoxDriver
Capabilities {acceptInsecureCerts: true, browserName: firefox, browserVersion: 72.0.2, javascriptEnabled: true, moz:accessibilityChecks: false, moz:buildID: 20200117190643, moz:geckodriverVersion: 0.26.0, moz:headless: false, moz:processID: 28480, moz:profile: C:\Users\Siddharthan.G\AppD..., moz:shutdownTimeout: 60000, moz:useNonSpecCompliantPointerOrigin: false, moz:webdriverClick: true, pageLoadStrategy: normal, platform: WINDOWS, platformName: WINDOWS, platformVersion: 10.0, rotatable: false, setWindowRect: true, strictFileInteractability: false, timeouts: {implicit: 0, pageLoad: 300000, script: 30000}, unhandledPromptBehavior: dismiss and notify}
Session ID: 86eb8800-2072-4af9-a4a2-0033302a8aed">
      <![CDATA[java.lang.AssertionError: Element <input id="user_full_name" class="input-lg text" name="user[full_name]" type="text"> is not reachable by keyboard
Build info: version: '3.12.0', revision: '7c6e0b3', time: '2018-05-08T14:04:26.12Z'
System info: host: 'INMAASIDDGUNA2P', ip: '192.168.1.8', os.name: 'Windows 10', os.arch: 'amd64', os.version: '10.0', java.version: '1.8.0_181'
Driver info: org.openqa.selenium.firefox.FirefoxDriver
Capabilities {acceptInsecureCerts: true, browserName: firefox, browserVersion: 72.0.2, javascriptEnabled: true, moz:accessibilityChecks: false, moz:buildID: 20200117190643, moz:geckodriverVersion: 0.26.0, moz:headless: false, moz:processID: 28480, moz:profile: C:\Users\Siddharthan.G\AppD..., moz:shutdownTimeout: 60000, moz:useNonSpecCompliantPointerOrigin: false, moz:webdriverClick: true, pageLoadStrategy: normal, platform: WINDOWS, platformName: WINDOWS, platformVersion: 10.0, rotatable: false, setWindowRect: true, strictFileInteractability: false, timeouts: {implicit: 0, pageLoad: 300000, script: 30000}, unhandledPromptBehavior: dismiss and notify}
Session ID: 86eb8800-2072-4af9-a4a2-0033302a8aed
at com.rocket.automation.TestClasses.SampleTest.SuccefullLogin(SampleTest.java:76)
at java.util.concurrent.FutureTask.run(FutureTask.java:266)
at java.util.concurrent.ThreadPoolExecutor.runWorker(ThreadPoolExecutor.java:1149)
at java.util.concurrent.ThreadPoolExecutor$Worker.run(ThreadPoolExecutor.java:624)
at java.lang.Thread.run(Thread.java:748)
... Removed 17 stack frames]]>
    </failure>
  </testcase> <!-- SuccefullLogin -->
</testsuite> <!-- Firefox testing -->
